[ 8 3 2 1 4 7 4 1 4 9 6 9 0 9 0 5 8 9 8 9 ]
[ 0 0 1 1 2 3 4 4 4 5 6 7 8 8 8 9 9 9 9 9 ]
[ 0 0 0 0 0 0 0 0 0 0 ]
[ 0 10 20 30 40 50 60 70 80 90 ]
[ 0 20 40 60 80 100 120 140 160 180 ]
[ 0 30 60 90 120 150 180 210 240 270 ]
[ 0 40 80 120 160 200 240 280 320 360 ]
[ 0 50 100 150 200 250 300 350 400 450 ]
[ 0 60 120 180 240 300 360 420 480 540 ]
[ 0 70 140 210 280 350 420 490 560 630 ]
[ 0 80 160 240 320 400 480 560 640 720 ]
[ 0 90 180 270 360 450 540 630 720 810 ]
i am a test value
(0,0)(0,1)(0,2)(0,3)(0,4)(0,5)(0,6)(0,7)(0,8)(0,9)(1,0)(1,1)(1,2)(1,3)(1,4)(1,5)(1,6)(1,7)(1,8)(1,9)
(1,0)(1,1)(1,2)(1,3)(1,4)(1,5)(1,6)(1,7)(1,8)(1,9)(2,0)(2,1)(2,2)(2,3)(2,4)(2,5)(2,6)(2,7)(2,8)(2,9)
(2,0)(2,1)(2,2)(2,3)(2,4)(2,5)(2,6)(2,7)(2,8)(2,9)(3,0)(3,1)(3,2)(3,3)(3,4)(3,5)(3,6)(3,7)(3,8)(3,9)
(3,0)(3,1)(3,2)(3,3)(3,4)(3,5)(3,6)(3,7)(3,8)(3,9)(4,0)(4,1)(4,2)(4,3)(4,4)(4,5)(4,6)(4,7)(4,8)(4,9)
(4,0)(4,1)(4,2)(4,3)(4,4)(4,5)(4,6)(4,7)(4,8)(4,9)(5,0)(5,1)(5,2)(5,3)(5,4)(5,5)(5,6)(5,7)(5,8)(5,9)
(5,0)(5,1)(5,2)(5,3)(5,4)(5,5)(5,6)(5,7)(5,8)(5,9)(6,0)(6,1)(6,2)(6,3)(6,4)(6,5)(6,6)(6,7)(6,8)(6,9)
(6,0)(6,1)(6,2)(6,3)(6,4)(6,5)(6,6)(6,7)(6,8)(6,9)(7,0)(7,1)(7,2)(7,3)(7,4)(7,5)(7,6)(7,7)(7,8)(7,9)
(7,0)(7,1)(7,2)(7,3)(7,4)(7,5)(7,6)(7,7)(7,8)(7,9)(8,0)(8,1)(8,2)(8,3)(8,4)(8,5)(8,6)(8,7)(8,8)(8,9)
(8,0)(8,1)(8,2)(8,3)(8,4)(8,5)(8,6)(8,7)(8,8)(8,9)(9,0)(9,1)(9,2)(9,3)(9,4)(9,5)(9,6)(9,7)(9,8)(9,9)
(9,0)(9,1)(9,2)(9,3)(9,4)(9,5)(9,6)(9,7)(9,8)(9,9)(9,10)(9,11)(9,12)(9,13)(9,14)(9,15)(9,16)(9,17)(9,18)(9,19)

2556478
2
3
5
7
11
13
17
19
23
29
31
37
41
43
47
53
59
61
67
71
73
79
83
89
97
101
103
107
109
113
127
131
137
139
149
151
157
163
167
173
179
181
191
193
197
199
211
223
227
229
233
239
241
251
257
263
269
271
277
281
283
293
307
311
313
317
331
337
347
349
353
359
367
373
379
383
389
397
401
409
419
421
431
433
439
443
449
457
461
463
467
479
487
491
499
503
509
521
523
541
547
557
563
569
571
577
587
593
599
601
607
613
617
619
631
641
643
647
653
659
661
673
677
683
691
701
709
719
727
733
739
743
751
757
761
769
773
787
797
809
811
821
823
827
829
839
853
857
859
863
877
881
883
887
907
911
919
929
937
941
947
953
967
971
977
983
991
997
1.7320509
quicksort("very long string   ") = "     eggilnnorrstvy"
trim( "very long string   ") = "very long string"
